<?xml version="1.0" encoding="UTF-8"?>
<!-- Generated by org.testng.reporters.JUnitReportReporter -->
<testsuite hostname="DESKTOP-FE3AO5J" failures="0" tests="5" name="TestNg.OrangerHrmLogin_Test" time="23.265" errors="0" timestamp="2025-09-22T18:53:36 IST" skipped="0">
  <testcase classname="TestNg.OrangerHrmLogin_Test" name="open" time="10.339"/>
  <testcase classname="TestNg.OrangerHrmLogin_Test" name="logo" time="4.127"/>
  <testcase classname="TestNg.OrangerHrmLogin_Test" name="login" time="2.881"/>
  <testcase classname="TestNg.OrangerHrmLogin_Test" name="logout" time="5.501"/>
  <testcase classname="TestNg.OrangerHrmLogin_Test" name="close" time="0.417"/>
</testsuite> <!-- TestNg.OrangerHrmLogin_Test -->
