<?xml version="1.0" encoding="UTF-8"?>
<!-- Generated by org.testng.reporters.JUnitReportReporter -->
<testsuite hostname="DESKTOP-FE3AO5J" failures="0" tests="6" name="TestNg_Dataprovidermethods.Dataprovider_Test" time="5.321" errors="0" timestamp="2025-09-30T18:54:34 IST" skipped="0">
  <testcase classname="TestNg_Dataprovidermethods.Dataprovider_Test" name="logo" time="2.642"/>
  <testcase classname="TestNg_Dataprovidermethods.Dataprovider_Test" name="logo" time="2.562"/>
  <testcase classname="TestNg_Dataprovidermethods.Dataprovider_Test" name="title" time="0.024"/>
  <testcase classname="TestNg_Dataprovidermethods.Dataprovider_Test" name="title" time="0.016"/>
  <testcase classname="TestNg_Dataprovidermethods.Dataprovider_Test" name="url" time="0.058"/>
  <testcase classname="TestNg_Dataprovidermethods.Dataprovider_Test" name="url" time="0.019"/>
</testsuite> <!-- TestNg_Dataprovidermethods.Dataprovider_Test -->
