<?xml version="1.0" encoding="UTF-8"?>
<!-- Generated by org.testng.reporters.JUnitReportReporter -->
<testsuite hostname="DESKTOP-FE3AO5J" failures="0" tests="5" name="testng_annotation.An_Ar" time="0.057" errors="0" timestamp="2025-09-24T20:00:14 IST" skipped="0">
  <testcase classname="testng_annotation.An_Ar" name="testTrueCondition" time="0.005"/>
  <testcase classname="testng_annotation.An_Ar" name="testEquals" time="0.035"/>
  <testcase classname="testng_annotation.An_Ar" name="testNull" time="0.005"/>
  <testcase classname="testng_annotation.An_Ar" name="testNotNull" time="0.005"/>
  <testcase classname="testng_annotation.An_Ar" name="testFalseCondition" time="0.007"/>
</testsuite> <!-- testng_annotation.An_Ar -->
