<?xml version="1.0" encoding="UTF-8"?>
<!-- Generated by org.testng.reporters.JUnitReportReporter -->
<testsuite hostname="DESKTOP-FE3AO5J" failures="0" tests="1" name="PageObjectModal.LoginTest" time="2.516" errors="0" timestamp="2025-10-03T19:45:28 IST" skipped="0">
  <testcase classname="PageObjectModal.LoginTest" name="logintest" time="2.516"/>
</testsuite> <!-- PageObjectModal.LoginTest -->
