<?xml version="1.0" encoding="UTF-8"?>
<!-- Generated by org.testng.reporters.JUnitReportReporter -->
<testsuite hostname="DESKTOP-FE3AO5J" failures="0" tests="5" name="TestNg_dependency.Dependencies" time="0.052" errors="0" timestamp="2025-09-26T14:19:31 IST" skipped="0">
  <testcase classname="TestNg_dependency.Dependencies" name="openapp" time="0.033"/>
  <testcase classname="TestNg_dependency.Dependencies" name="login" time="0.009"/>
  <testcase classname="TestNg_dependency.Dependencies" name="search" time="0.003"/>
  <testcase classname="TestNg_dependency.Dependencies" name="adsearch" time="0.003"/>
  <testcase classname="TestNg_dependency.Dependencies" name="logout" time="0.004"/>
</testsuite> <!-- TestNg_dependency.Dependencies -->
