<?xml version="1.0" encoding="UTF-8"?>
<!-- Generated by org.testng.reporters.JUnitReportReporter -->
<testsuite hostname="DESKTOP-FE3AO5J" failures="0" tests="2" name="TestNg.Annotations" time="0.030" errors="0" timestamp="2025-09-24T18:29:17 IST" skipped="0">
  <testcase classname="TestNg.Annotations" name="search" time="0.020"/>
  <testcase classname="TestNg.Annotations" name="advanceS" time="0.010"/>
</testsuite> <!-- TestNg.Annotations -->
