<?xml version="1.0" encoding="UTF-8"?>
<!-- Generated by org.testng.reporters.JUnitReportReporter -->
<testsuite hostname="DESKTOP-FE3AO5J" failures="0" tests="3" name="TestNg_Grouping.Reggression" time="0.033" errors="0" timestamp="2025-09-26T17:41:38 IST" skipped="0">
  <testcase classname="TestNg_Grouping.Reggression" name="signin_gmail" time="0.024"/>
  <testcase classname="TestNg_Grouping.Reggression" name="signin_facebook" time="0.005"/>
  <testcase classname="TestNg_Grouping.Reggression" name="signin_twitter" time="0.004"/>
</testsuite> <!-- TestNg_Grouping.Reggression -->
