<?xml version="1.0" encoding="UTF-8"?>
<!-- Generated by org.testng.reporters.JUnitReportReporter -->
<testsuite hostname="DESKTOP-FE3AO5J" failures="0" tests="3" name="TestNg_Grouping.Sanity" time="0.034" errors="0" timestamp="2025-09-26T17:38:57 IST" skipped="0">
  <testcase classname="TestNg_Grouping.Sanity" name="login_gmail" time="0.026"/>
  <testcase classname="TestNg_Grouping.Sanity" name="login_facebook" time="0.004"/>
  <testcase classname="TestNg_Grouping.Sanity" name="login_twitter" time="0.004"/>
</testsuite> <!-- TestNg_Grouping.Sanity -->
