<?xml version="1.0" encoding="UTF-8"?>
<!-- Generated by org.testng.reporters.JUnitReportReporter -->
<testsuite hostname="DESKTOP-FE3AO5J" failures="0" tests="2" name="testng_annotation.c3" time="0.036" errors="0" timestamp="2025-09-24T18:49:29 IST" skipped="0">
  <testcase classname="testng_annotation.c3" name="advanceSs" time="0.026"/>
  <testcase classname="testng_annotation.c3" name="advanceSs" time="0.010"/>
</testsuite> <!-- testng_annotation.c3 -->
