<?xml version="1.0" encoding="UTF-8"?>
<!-- Generated by org.testng.reporters.JUnitReportReporter -->
<testsuite hostname="DESKTOP-FE3AO5J" failures="0" tests="2" name="testng_annotation.c1" time="0.037" errors="0" timestamp="2025-09-24T18:49:29 IST" skipped="0">
  <testcase classname="testng_annotation.c1" name="search" time="0.031"/>
  <testcase classname="testng_annotation.c1" name="search" time="0.006"/>
</testsuite> <!-- testng_annotation.c1 -->
