<?xml version="1.0" encoding="UTF-8"?>
<!-- Generated by org.testng.reporters.JUnitReportReporter -->
<testsuite hostname="DESKTOP-FE3AO5J" failures="0" tests="3" name="TestNg.Testcase1" time="0.015" errors="0" timestamp="2025-09-22T18:53:36 IST" skipped="0">
  <testcase classname="TestNg.Testcase1" name="openapp" time="0.007"/>
  <testcase classname="TestNg.Testcase1" name="login" time="0.002"/>
  <testcase classname="TestNg.Testcase1" name="logout" time="0.006"/>
</testsuite> <!-- TestNg.Testcase1 -->
