<?xml version="1.0" encoding="UTF-8"?>
<!-- Generated by org.testng.reporters.JUnitReportReporter -->
<testsuite hostname="DESKTOP-FE3AO5J" failures="0" tests="2" name="TestNg_Grouping.Functional" time="0.014" errors="0" timestamp="2025-09-26T17:39:23 IST" skipped="0">
  <testcase classname="TestNg_Grouping.Functional" name="payment_rs" time="0.009"/>
  <testcase classname="TestNg_Grouping.Functional" name="payment_dollar" time="0.005"/>
</testsuite> <!-- TestNg_Grouping.Functional -->
